-------------------------------------------------------------------------------
Test set: ru.netology.javaqa.javaqamvn.services.VacationServiceTest
-------------------------------------------------------------------------------
Tests run: 6, Failures: 1, Errors: 0, Skipped: 0, Time elapsed: 0.158 s <<< FAILURE! - in ru.netology.javaqa.javaqamvn.services.VacationServiceTest
testVacationService{int, int, int, int}[4]  Time elapsed: 0.017 s  <<< FAILURE!
org.opentest4j.AssertionFailedError: expected: <1> but was: <2>
	at ru.netology.javaqa.javaqamvn.services.VacationServiceTest.testVacationService(VacationServiceTest.java:16)

