<?xml version="1.0" encoding="UTF-8"?>
<testsuite xmlns:xsi="http://www.w3.org/2001/XMLSchema-instance" xsi:noNamespaceSchemaLocation="https://maven.apache.org/surefire/maven-surefire-plugin/xsd/surefire-test-report.xsd" name="ru.netology.javaqa.javaqamvn.services.VacationServiceTest" time="0.158" tests="6" errors="0" skipped="0" failures="1">
  <properties>
[...]
</properties>
  <testcase name="testVacationService{int, int, int, int}[1]" classname="ru.netology.javaqa.javaqamvn.services.VacationServiceTest" time="0.053"/>
  <testcase name="testVacationService{int, int, int, int}[2]" classname="ru.netology.javaqa.javaqamvn.services.VacationServiceTest" time="0.007"/>
  <testcase name="testVacationService{int, int, int, int}[3]" classname="ru.netology.javaqa.javaqamvn.services.VacationServiceTest" time="0.003"/>
  <testcase name="testVacationService{int, int, int, int}[4]" classname="ru.netology.javaqa.javaqamvn.services.VacationServiceTest" time="0.017">
    <failure message="expected: &lt;1&gt; but was: &lt;2&gt;" type="org.opentest4j.AssertionFailedError"><![CDATA[org.opentest4j.AssertionFailedError: expected: <1> but was: <2>
	at ru.netology.javaqa.javaqamvn.services.VacationServiceTest.testVacationService(VacationServiceTest.java:16)
]]></failure>
    <system-out><![CDATA[Месяц 1. Денег 0. Придётся работать. Заработал +50000, потратил -20000
Месяц 2. Денег 30000. Придётся работать. Заработал +50000, потратил -20000
Месяц 3. Денег 60000. Придётся работать. Заработал +50000, потратил -20000
Месяц 4. Денег 90000. Придётся работать. Заработал +50000, потратил -20000
Месяц 5. Денег 120000. Буду отдыхать. Потратил -20000, затем ещё -66666
Месяц 6. Денег 33333. Придётся работать. Заработал +50000, потратил -20000
Месяц 7. Денег 63333. Придётся работать. Заработал +50000, потратил -20000
Месяц 8. Денег 93333. Придётся работать. Заработал +50000, потратил -20000
Месяц 9. Денег 123333. Буду отдыхать. Потратил -20000, затем ещё -68888
Месяц 10. Денег 34444. Придётся работать. Заработал +50000, потратил -20000
Месяц 11. Денег 64444. Придётся работать. Заработал +50000, потратил -20000
Месяц 12. Денег 94444. Придётся работать. Заработал +50000, потратил -20000
]]></system-out>
  </testcase>
  <testcase name="testVacationService{int, int, int, int}[5]" classname="ru.netology.javaqa.javaqamvn.services.VacationServiceTest" time="0.002"/>
  <testcase name="testVacationService{int, int, int, int}[6]" classname="ru.netology.javaqa.javaqamvn.services.VacationServiceTest" time="0.002"/>
</testsuite>